make --dry-run --keep-going --print-directory
make: Entering directory `/Users/wyu/Desktop/fdf'
make -sC ./libft/
make -sC ./minilibx_macos/
 
gcc -Wall -Werror -Wextra -c -I -I./libft/ -I./minilibx_macos/ src/main.c src/terminate.c src/read_fdf.c src/parseline.c src/width.c src/get_map.c src/convert_into_number.c src/atoi_base.c src/get_mlx.c src/render.c src/rotate.c src/bresenham.c src/iso.c src/place.c src/setup_controller.c
mv  main.o  terminate.o  read_fdf.o  parseline.o  width.o  get_map.o  convert_into_number.o  atoi_base.o  get_mlx.o  render.o  rotate.o  bresenham.o  iso.o  place.o  setup_controller.o ./obj/
gcc -Wall -Werror -Wextra -c -I -I./libft/ -I./minilibx_macos/ src/main.c src/terminate.c src/read_fdf.c src/parseline.c src/width.c src/get_map.c src/convert_into_number.c src/atoi_base.c src/get_mlx.c src/render.c src/rotate.c src/bresenham.c src/iso.c src/place.c src/setup_controller.c
mv  main.o  terminate.o  read_fdf.o  parseline.o  width.o  get_map.o  convert_into_number.o  atoi_base.o  get_mlx.o  render.o  rotate.o  bresenham.o  iso.o  place.o  setup_controller.o ./obj/
gcc -Wall -Werror -Wextra -c -I -I./libft/ -I./minilibx_macos/ src/main.c src/terminate.c src/read_fdf.c src/parseline.c src/width.c src/get_map.c src/convert_into_number.c src/atoi_base.c src/get_mlx.c src/render.c src/rotate.c src/bresenham.c src/iso.c src/place.c src/setup_controller.c
mv  main.o  terminate.o  read_fdf.o  parseline.o  width.o  get_map.o  convert_into_number.o  atoi_base.o  get_mlx.o  render.o  rotate.o  bresenham.o  iso.o  place.o  setup_controller.o ./obj/
gcc -Wall -Werror -Wextra -c -I -I./libft/ -I./minilibx_macos/ src/main.c src/terminate.c src/read_fdf.c src/parseline.c src/width.c src/get_map.c src/convert_into_number.c src/atoi_base.c src/get_mlx.c src/render.c src/rotate.c src/bresenham.c src/iso.c src/place.c src/setup_controller.c
mv  main.o  terminate.o  read_fdf.o  parseline.o  width.o  get_map.o  convert_into_number.o  atoi_base.o  get_mlx.o  render.o  rotate.o  bresenham.o  iso.o  place.o  setup_controller.o ./obj/
gcc -Wall -Werror -Wextra -c -I -I./libft/ -I./minilibx_macos/ src/main.c src/terminate.c src/read_fdf.c src/parseline.c src/width.c src/get_map.c src/convert_into_number.c src/atoi_base.c src/get_mlx.c src/render.c src/rotate.c src/bresenham.c src/iso.c src/place.c src/setup_controller.c
mv  main.o  terminate.o  read_fdf.o  parseline.o  width.o  get_map.o  convert_into_number.o  atoi_base.o  get_mlx.o  render.o  rotate.o  bresenham.o  iso.o  place.o  setup_controller.o ./obj/
gcc -Wall -Werror -Wextra -c -I -I./libft/ -I./minilibx_macos/ src/main.c src/terminate.c src/read_fdf.c src/parseline.c src/width.c src/get_map.c src/convert_into_number.c src/atoi_base.c src/get_mlx.c src/render.c src/rotate.c src/bresenham.c src/iso.c src/place.c src/setup_controller.c
mv  main.o  terminate.o  read_fdf.o  parseline.o  width.o  get_map.o  convert_into_number.o  atoi_base.o  get_mlx.o  render.o  rotate.o  bresenham.o  iso.o  place.o  setup_controller.o ./obj/
gcc -Wall -Werror -Wextra -c -I -I./libft/ -I./minilibx_macos/ src/main.c src/terminate.c src/read_fdf.c src/parseline.c src/width.c src/get_map.c src/convert_into_number.c src/atoi_base.c src/get_mlx.c src/render.c src/rotate.c src/bresenham.c src/iso.c src/place.c src/setup_controller.c
mv  main.o  terminate.o  read_fdf.o  parseline.o  width.o  get_map.o  convert_into_number.o  atoi_base.o  get_mlx.o  render.o  rotate.o  bresenham.o  iso.o  place.o  setup_controller.o ./obj/
gcc -Wall -Werror -Wextra -c -I -I./libft/ -I./minilibx_macos/ src/main.c src/terminate.c src/read_fdf.c src/parseline.c src/width.c src/get_map.c src/convert_into_number.c src/atoi_base.c src/get_mlx.c src/render.c src/rotate.c src/bresenham.c src/iso.c src/place.c src/setup_controller.c
mv  main.o  terminate.o  read_fdf.o  parseline.o  width.o  get_map.o  convert_into_number.o  atoi_base.o  get_mlx.o  render.o  rotate.o  bresenham.o  iso.o  place.o  setup_controller.o ./obj/
gcc -Wall -Werror -Wextra -c -I -I./libft/ -I./minilibx_macos/ src/main.c src/terminate.c src/read_fdf.c src/parseline.c src/width.c src/get_map.c src/convert_into_number.c src/atoi_base.c src/get_mlx.c src/render.c src/rotate.c src/bresenham.c src/iso.c src/place.c src/setup_controller.c
mv  main.o  terminate.o  read_fdf.o  parseline.o  width.o  get_map.o  convert_into_number.o  atoi_base.o  get_mlx.o  render.o  rotate.o  bresenham.o  iso.o  place.o  setup_controller.o ./obj/
gcc -Wall -Werror -Wextra -c -I -I./libft/ -I./minilibx_macos/ src/main.c src/terminate.c src/read_fdf.c src/parseline.c src/width.c src/get_map.c src/convert_into_number.c src/atoi_base.c src/get_mlx.c src/render.c src/rotate.c src/bresenham.c src/iso.c src/place.c src/setup_controller.c
mv  main.o  terminate.o  read_fdf.o  parseline.o  width.o  get_map.o  convert_into_number.o  atoi_base.o  get_mlx.o  render.o  rotate.o  bresenham.o  iso.o  place.o  setup_controller.o ./obj/
gcc -Wall -Werror -Wextra -c -I -I./libft/ -I./minilibx_macos/ src/main.c src/terminate.c src/read_fdf.c src/parseline.c src/width.c src/get_map.c src/convert_into_number.c src/atoi_base.c src/get_mlx.c src/render.c src/rotate.c src/bresenham.c src/iso.c src/place.c src/setup_controller.c
mv  main.o  terminate.o  read_fdf.o  parseline.o  width.o  get_map.o  convert_into_number.o  atoi_base.o  get_mlx.o  render.o  rotate.o  bresenham.o  iso.o  place.o  setup_controller.o ./obj/
gcc -Wall -Werror -Wextra -c -I -I./libft/ -I./minilibx_macos/ src/main.c src/terminate.c src/read_fdf.c src/parseline.c src/width.c src/get_map.c src/convert_into_number.c src/atoi_base.c src/get_mlx.c src/render.c src/rotate.c src/bresenham.c src/iso.c src/place.c src/setup_controller.c
mv  main.o  terminate.o  read_fdf.o  parseline.o  width.o  get_map.o  convert_into_number.o  atoi_base.o  get_mlx.o  render.o  rotate.o  bresenham.o  iso.o  place.o  setup_controller.o ./obj/
gcc -Wall -Werror -Wextra -c -I -I./libft/ -I./minilibx_macos/ src/main.c src/terminate.c src/read_fdf.c src/parseline.c src/width.c src/get_map.c src/convert_into_number.c src/atoi_base.c src/get_mlx.c src/render.c src/rotate.c src/bresenham.c src/iso.c src/place.c src/setup_controller.c
mv  main.o  terminate.o  read_fdf.o  parseline.o  width.o  get_map.o  convert_into_number.o  atoi_base.o  get_mlx.o  render.o  rotate.o  bresenham.o  iso.o  place.o  setup_controller.o ./obj/
gcc -Wall -Werror -Wextra -c -I -I./libft/ -I./minilibx_macos/ src/main.c src/terminate.c src/read_fdf.c src/parseline.c src/width.c src/get_map.c src/convert_into_number.c src/atoi_base.c src/get_mlx.c src/render.c src/rotate.c src/bresenham.c src/iso.c src/place.c src/setup_controller.c
mv  main.o  terminate.o  read_fdf.o  parseline.o  width.o  get_map.o  convert_into_number.o  atoi_base.o  get_mlx.o  render.o  rotate.o  bresenham.o  iso.o  place.o  setup_controller.o ./obj/
gcc -Wall -Werror -Wextra -c -I -I./libft/ -I./minilibx_macos/ src/main.c src/terminate.c src/read_fdf.c src/parseline.c src/width.c src/get_map.c src/convert_into_number.c src/atoi_base.c src/get_mlx.c src/render.c src/rotate.c src/bresenham.c src/iso.c src/place.c src/setup_controller.c
mv  main.o  terminate.o  read_fdf.o  parseline.o  width.o  get_map.o  convert_into_number.o  atoi_base.o  get_mlx.o  render.o  rotate.o  bresenham.o  iso.o  place.o  setup_controller.o ./obj/
gcc -Wall -Werror -Wextra -L./libft/ -L./minilibx_macos/ -lmlx -lft -lm -framework OpenGL -framework Appkit -I -I./libft/ -I./minilibx_macos/ ./obj/main.o ./obj/terminate.o ./obj/read_fdf.o ./obj/parseline.o ./obj/width.o ./obj/get_map.o ./obj/convert_into_number.o ./obj/atoi_base.o ./obj/get_mlx.o ./obj/render.o ./obj/rotate.o ./obj/bresenham.o ./obj/iso.o ./obj/place.o ./obj/setup_controller.o -o fdf
make: Leaving directory `/Users/wyu/Desktop/fdf'
 
