make all --print-data-base --no-builtin-variables --no-builtin-rules --question
# GNU Make 3.81
# Copyright (C) 2006  Free Software Foundation, Inc.
# This is free software; see the source for copying conditions.
# There is NO warranty; not even for MERCHANTABILITY or FITNESS FOR A
# PARTICULAR PURPOSE.

# This program built for i386-apple-darwin11.3.0
 

# Make data base, printed on Fri Aug  5 15:04:45 2022

# Variables

# automatic
<D = $(patsubst %/,%,$(dir $<))
# automatic
?F = $(notdir $?)
# makefile (from `Makefile', line 27)
MIX_HEADERS = $(MIX_DIR)
# automatic
?D = $(patsubst %/,%,$(dir $?))
# makefile (from `Makefile', line 19)
INCLUDES = -I$(FDF_HEADERS) -I$(LIBFT_HEADERS) -I$(MIX_HEADERS)
# automatic
@D = $(patsubst %/,%,$(dir $@))
# automatic
 
@F = $(notdir $@)
# makefile
CURDIR := /Users/wyu/Desktop/fdf
# makefile
SHELL = /bin/sh
# environment
VSCODE_NLS_CONFIG = {"locale":"ko","availableLanguages":{"*":"ko"},"_languagePackId":"bc0696a354ac89b89c7e4c6393bdde7b.ko","_translationsConfigFile":"/Users/wyu/Library/Application Support/Code/clp/bc0696a354ac89b89c7e4c6393bdde7b.ko/tcf.json","_cacheRoot":"/Users/wyu/Library/Application Support/Code/clp/bc0696a354ac89b89c7e4c6393bdde7b.ko","_resolvedLanguagePackCoreLocation":"/Users/wyu/Library/Application Support/Code/clp/bc0696a354ac89b89c7e4c6393bdde7b.ko/da76f93349a72022ca4670c1b84860304616aaa2","_corruptedFile":"/Users/wyu/Library/Application Support/Code/clp/bc0696a354ac89b89c7e4c6393bdde7b.ko/corrupted.info","_languagePackSupport":true}
# environment
_ = /usr/bin/make
# makefile (from `Makefile', line 1)
MAKEFILE_LIST :=  Makefile
# makefile (from `Makefile', line 53)
OBJ_DIR = ./obj/
# environment
__CFBundleIdentifier = com.microsoft.VSCode
# environment
INFOPATH = /opt/homebrew/share/info:
# environment
P9K_SSH = 0
# environment
VSCODE_CWD = /
# environment
PATH = /Users/wyu/.sdkman/candidates/java/current/bin:/opt/homebrew/bin:/opt/homebrew/sbin:/usr/local/bin:/usr/bin:/bin:/usr/sbin:/sbin:/Library/Apple/usr/bin
# makefile (from `Makefile', line 54)
OBJ_LIST = $(patsubst %.c, %.o, $(SRC_LIST))
# environment
LSCOLORS = Gxfxcxdxbxegedabagacad
# environment
SDKMAN_DIR = /Users/wyu/.sdkman
# environment
SDKMAN_CANDIDATES_API = https://api.sdkman.io/2
# environment
SDKMAN_PLATFORM = darwinarm64
# environment
ELECTRON_RUN_AS_NODE = 1
# default
.FEATURES := target-specific order-only second-expansion else-if archives jobserver check-symlink
# makefile (from `Makefile', line 22)
LIBFT_DIR = ./libft/
# environment
SSH_AUTH_SOCK = /private/tmp/com.apple.launchd.ZHwXqWumIB/Listeners
# automatic
%F = $(notdir $%)
# makefile (from `Makefile', line 52)
OBJS = $(addprefix $(OBJ_DIR), $(OBJ_LIST))
# environment
PWD = /Users/wyu/Desktop/fdf
# environment
HOMEBREW_CELLAR = /opt/homebrew/Cellar
# environment
ORIGINAL_XDG_CURRENT_DESKTOP = undefined
# environment
MANPATH = /opt/homebrew/share/man::
# environment
VSCODE_AMD_ENTRYPOINT = vs/workbench/api/node/extensionHostProcess
# environment
HOME = /Users/wyu
# default
MAKEFILEPATH = $(shell /usr/bin/xcode-select -print-path 2>/dev/null || echo /Developer)/Makefiles
# environment
VSCODE_CODE_CACHE_PATH = /Users/wyu/Library/Application Support/Code/CachedData/da76f93349a72022ca4670c1b84860304616aaa2
# environment
LOGNAME = wyu
# environment
APPLICATION_INSIGHTS_NO_DIAGNOSTIC_CHANNEL = 1
# makefile (from `Makefile', line 29)
HEADERS = $(addprefix $(HEADER_DIR), $(HEADER_LIST))
# environment
ZSH = /Users/wyu/.oh-my-zsh
# environment
VSCODE_HANDLES_UNCAUGHT_ERRORS = true
# automatic
^D = $(patsubst %/,%,$(dir $^))
# environment
XPC_FLAGS = 0x0
# environment
SDKMAN_VERSION = 5.15.0
# default
MAKE = $(MAKE_COMMAND)
# default
MAKECMDGOALS := all
# makefile (from `Makefile', line 33)
SRCS = $(addprefix $(SRC_DIR), $(SRC_LIST))
# environment
SHLVL = 1
# makefile (from `Makefile', line 21)
LIBFT = $(LIBFT_DIR)libft.a
# makefile (from `Makefile', line 15)
CC = gcc
# environment
JAVA_HOME = /Users/wyu/.sdkman/candidates/java/current
# makefile (from `Makefile', line 26)
MIX_DIR = ./minilibx_macos/
# default
MAKE_VERSION := 3.81
# environment
USER = wyu
# makefile
.DEFAULT_GOAL := all
# makefile (from `Makefile', line 13)
NAME = fdf
# environment
LESS = -R
# automatic
%D = $(patsubst %/,%,$(dir $%))
# default
MAKE_COMMAND := /Library/Developer/CommandLineTools/usr/bin/make
# makefile (from `Makefile', line 30)
HEADER_DIR = ./inc/
# default
.VARIABLES := 
# environment
TMPDIR = /var/folders/rv/7tclmq451lz_cmtvqhkn74s40000gn/T/
# automatic
*F = $(notdir $*)
# environment
VSCODE_IPC_HOOK = /Users/wyu/Library/Application Support/Code/1.70.0-main.sock
# environment
MallocNanoZone = 0
# makefile
MAKEFLAGS = Rrqp
# environment
MFLAGS = -Rrqp
# automatic
*D = $(patsubst %/,%,$(dir $*))
# environment
XPC_SERVICE_NAME = application.com.microsoft.VSCode.2181059.2181065
# environment
HOMEBREW_PREFIX = /opt/homebrew
# automatic
+D = $(patsubst %/,%,$(dir $+))
# makefile (from `Makefile', line 31)
HEADER_LIST = 
# automatic
+F = $(notdir $+)
# makefile (from `Makefile', line 23)
LIBFT_HEADERS = $(LIBFT_DIR)
# environment
HOMEBREW_REPOSITORY = /opt/homebrew
# environment
__CF_USER_TEXT_ENCODING = 0x1F5:0x3:0x33
# environment
COMMAND_MODE = unix2003
# default
MAKEFILES := 
 
# makefile (from `Makefile', line 34)
SRC_DIR = ./src/
# automatic
<F = $(notdir $<)
# makefile (from `Makefile', line 25)
MIX = $(MIX_DIR)libmlx.a
# environment
SDKMAN_CANDIDATES_DIR = /Users/wyu/.sdkman/candidates
# environment
PAGER = less
# environment
LC_ALL = C
# makefile (from `Makefile', line 18)
LIBRARIES = -L$(LIBFT_DIR) -L$(MIX_DIR) -lmlx -lft -lm -framework OpenGL -framework Appkit
# automatic
^F = $(notdir $^)
# default
SUFFIXES := 
# makefile (from `Makefile', line 16)
FLAGS = -Wall -Werror -Wextra
# makefile (from `Makefile', line 35)
SRC_LIST = main.c terminate.c read_fdf.c parseline.c width.c get_map.c convert_into_number.c atoi_base.c get_mlx.c render.c rotate.c bresenham.c iso.c place.c setup_controller.c
# environment
MAKELEVEL := 0
# environment
LANG = C
# environment
VSCODE_PID = 48029
# variable set hash-table stats:
# Load=93/1024=9%, Rehash=0, Collisions=8/140=6%

# Pattern-specific Variable Values

# No pattern-specific variable values.

# Directories

# . (device 16777230, inode 4089495): 12 files, no impossibilities.

# 12 files, no impossibilities in 1 directories.

# Implicit Rules

# No implicit rules.

# Files

# Not a target:
src/bresenham.c:
#  Implicit rule search has not been done.
#  Modification time never checked.
#  File has not been updated.

# Not a target:
src/read_fdf.c:
#  Implicit rule search has not been done.
#  Modification time never checked.
#  File has not been updated.

# Not a target:
src/rotate.c:
#  Implicit rule search has not been done.
#  Modification time never checked.
#  File has not been updated.

all: fdf
#  Phony target (prerequisite of .PHONY).
#  Command-line target.
#  Implicit rule search has not been done.
#  File does not exist.
#  File has been updated.
#  Needs to be updated (-q is set).
# variable set hash-table stats:
# Load=0/32=0%, Rehash=0, Collisions=0/3=0%

obj/parseline.o: src/main.c src/terminate.c src/read_fdf.c src/parseline.c src/width.c src/get_map.c src/convert_into_number.c src/atoi_base.c src/get_mlx.c src/render.c src/rotate.c src/bresenham.c src/iso.c src/place.c src/setup_controller.c
#  Implicit rule search has not been done.
#  Modification time never checked.
#  File has not been updated.
#  commands to execute (from `Makefile', line 68):
	$(CC) $(FLAGS) -c $(INCLUDES) $^
	mv $(OBJ_LIST) $(OBJ_DIR)
	

# Not a target:
src/iso.c:
#  Implicit rule search has not been done.
#  Modification time never checked.
#  File has not been updated.

obj/width.o: src/main.c src/terminate.c src/read_fdf.c src/parseline.c src/width.c src/get_map.c src/convert_into_number.c src/atoi_base.c src/get_mlx.c src/render.c src/rotate.c src/bresenham.c src/iso.c src/place.c src/setup_controller.c
#  Implicit rule search has not been done.
#  Modification time never checked.
#  File has not been updated.
#  commands to execute (from `Makefile', line 68):
	$(CC) $(FLAGS) -c $(INCLUDES) $^
	mv $(OBJ_LIST) $(OBJ_DIR)
	

.PHONY: all clean fclean re
#  Implicit rule search has not been done.
#  Modification time never checked.
#  File has not been updated.

obj/terminate.o: src/main.c src/terminate.c src/read_fdf.c src/parseline.c src/width.c src/get_map.c src/convert_into_number.c src/atoi_base.c src/get_mlx.c src/render.c src/rotate.c src/bresenham.c src/iso.c src/place.c src/setup_controller.c
#  Implicit rule search has not been done.
#  Modification time never checked.
#  File has not been updated.
#  commands to execute (from `Makefile', line 68):
	$(CC) $(FLAGS) -c $(INCLUDES) $^
	mv $(OBJ_LIST) $(OBJ_DIR)
	

obj/convert_into_number.o: src/main.c src/terminate.c src/read_fdf.c src/parseline.c src/width.c src/get_map.c src/convert_into_number.c src/atoi_base.c src/get_mlx.c src/render.c src/rotate.c src/bresenham.c src/iso.c src/place.c src/setup_controller.c
#  Implicit rule search has not been done.
#  Modification time never checked.
#  File has not been updated.
#  commands to execute (from `Makefile', line 68):
	$(CC) $(FLAGS) -c $(INCLUDES) $^
	mv $(OBJ_LIST) $(OBJ_DIR)
	

obj/get_mlx.o: src/main.c src/terminate.c src/read_fdf.c src/parseline.c src/width.c src/get_map.c src/convert_into_number.c src/atoi_base.c src/get_mlx.c src/render.c src/rotate.c src/bresenham.c src/iso.c src/place.c src/setup_controller.c
#  Implicit rule search has not been done.
#  Modification time never checked.
#  File has not been updated.
#  commands to execute (from `Makefile', line 68):
	$(CC) $(FLAGS) -c $(INCLUDES) $^
	mv $(OBJ_LIST) $(OBJ_DIR)
	

obj/main.o: src/main.c src/terminate.c src/read_fdf.c src/parseline.c src/width.c src/get_map.c src/convert_into_number.c src/atoi_base.c src/get_mlx.c src/render.c src/rotate.c src/bresenham.c src/iso.c src/place.c src/setup_controller.c
#  Implicit rule search has not been done.
#  Modification time never checked.
#  File has not been updated.
#  commands to execute (from `Makefile', line 68):
	$(CC) $(FLAGS) -c $(INCLUDES) $^
	mv $(OBJ_LIST) $(OBJ_DIR)
	

# Not a target:
.SUFFIXES:
#  Implicit rule search has not been done.
#  Modification time never checked.
#  File has not been updated.

# Not a target:
Makefile:
#  Implicit rule search has been done.
#  Last modified 2022-08-05 15:04:15
#  File has been updated.
#  Successfully updated.
# variable set hash-table stats:
# Load=0/32=0%, Rehash=0, Collisions=0/0=0%

# Not a target:
src/parseline.c:
#  Implicit rule search has not been done.
#  Modification time never checked.
#  File has not been updated.

# Not a target:
src/width.c:
#  Implicit rule search has not been done.
#  Modification time never checked.
#  File has not been updated.

# Not a target:
src/terminate.c:
#  Implicit rule search has not been done.
#  Modification time never checked.
#  File has not been updated.

# Not a target:
src/convert_into_number.c:
#  Implicit rule search has not been done.
#  Modification time never checked.
#  File has not been updated.

libft/libft.a:
#  Implicit rule search has not been done.
#  Implicit/static pattern stem: `'
#  File does not exist.
#  File has been updated.
#  Needs to be updated (-q is set).
# automatic
# @ := libft/libft.a
# automatic
# % := 
# automatic
# * := 
# automatic
# + := 
# automatic
# | := 
# automatic
# < := 
# automatic
# ^ := 
# automatic
# ? := 
# variable set hash-table stats:
# Load=8/32=25%, Rehash=0, Collisions=2/11=18%
#  commands to execute (from `Makefile', line 62):
	make -sC $(LIBFT_DIR)
	

# Not a target:
src/get_mlx.c:
#  Implicit rule search has not been done.
#  Modification time never checked.
#  File has not been updated.

fclean: clean
#  Phony target (prerequisite of .PHONY).
#  Implicit rule search has not been done.
#  File does not exist.
#  File has not been updated.
#  commands to execute (from `Makefile', line 77):
 
	rm -f $(LIBFT)
	rm -f $(MIX)
	rm -f $(NAME)
	

obj/setup_controller.o: src/main.c src/terminate.c src/read_fdf.c src/parseline.c src/width.c src/get_map.c src/convert_into_number.c src/atoi_base.c src/get_mlx.c src/render.c src/rotate.c src/bresenham.c src/iso.c src/place.c src/setup_controller.c
#  Implicit rule search has not been done.
#  Modification time never checked.
#  File has not been updated.
#  commands to execute (from `Makefile', line 68):
	$(CC) $(FLAGS) -c $(INCLUDES) $^
	mv $(OBJ_LIST) $(OBJ_DIR)
	

# Not a target:
src/main.c:
#  Implicit rule search has not been done.
#  Modification time never checked.
#  File has not been updated.

obj/get_map.o: src/main.c src/terminate.c src/read_fdf.c src/parseline.c src/width.c src/get_map.c src/convert_into_number.c src/atoi_base.c src/get_mlx.c src/render.c src/rotate.c src/bresenham.c src/iso.c src/place.c src/setup_controller.c
#  Implicit rule search has not been done.
#  Modification time never checked.
#  File has not been updated.
#  commands to execute (from `Makefile', line 68):
	$(CC) $(FLAGS) -c $(INCLUDES) $^
	mv $(OBJ_LIST) $(OBJ_DIR)
	

obj/render.o: src/main.c src/terminate.c src/read_fdf.c src/parseline.c src/width.c src/get_map.c src/convert_into_number.c src/atoi_base.c src/get_mlx.c src/render.c src/rotate.c src/bresenham.c src/iso.c src/place.c src/setup_controller.c
#  Implicit rule search has not been done.
#  Modification time never checked.
#  File has not been updated.
#  commands to execute (from `Makefile', line 68):
	$(CC) $(FLAGS) -c $(INCLUDES) $^
	mv $(OBJ_LIST) $(OBJ_DIR)
	

obj/atoi_base.o: src/main.c src/terminate.c src/read_fdf.c src/parseline.c src/width.c src/get_map.c src/convert_into_number.c src/atoi_base.c src/get_mlx.c src/render.c src/rotate.c src/bresenham.c src/iso.c src/place.c src/setup_controller.c
#  Implicit rule search has not been done.
#  Modification time never checked.
#  File has not been updated.
#  commands to execute (from `Makefile', line 68):
	$(CC) $(FLAGS) -c $(INCLUDES) $^
	mv $(OBJ_LIST) $(OBJ_DIR)
	

# Not a target:
.DEFAULT:
#  Implicit rule search has not been done.
#  Modification time never checked.
#  File has not been updated.

obj/place.o: src/main.c src/terminate.c src/read_fdf.c src/parseline.c src/width.c src/get_map.c src/convert_into_number.c src/atoi_base.c src/get_mlx.c src/render.c src/rotate.c src/bresenham.c src/iso.c src/place.c src/setup_controller.c
#  Implicit rule search has not been done.
#  Modification time never checked.
#  File has not been updated.
#  commands to execute (from `Makefile', line 68):
	$(CC) $(FLAGS) -c $(INCLUDES) $^
	mv $(OBJ_LIST) $(OBJ_DIR)
	

re:
#  Phony target (prerequisite of .PHONY).
#  Implicit rule search has not been done.
#  File does not exist.
#  File has not been updated.
#  commands to execute (from `Makefile', line 82):
	make fclean
	make all
	

clean:
#  Phony target (prerequisite of .PHONY).
#  Implicit rule search has not been done.
#  File does not exist.
#  File has not been updated.
#  commands to execute (from `Makefile', line 72):
	make -sC $(LIBFT_DIR) clean
	make -sC $(MIX_DIR) clean
	rm -rf $(OBJS)
	

obj/bresenham.o: src/main.c src/terminate.c src/read_fdf.c src/parseline.c src/width.c src/get_map.c src/convert_into_number.c src/atoi_base.c src/get_mlx.c src/render.c src/rotate.c src/bresenham.c src/iso.c src/place.c src/setup_controller.c
#  Implicit rule search has not been done.
#  Modification time never checked.
#  File has not been updated.
#  commands to execute (from `Makefile', line 68):
	$(CC) $(FLAGS) -c $(INCLUDES) $^
	mv $(OBJ_LIST) $(OBJ_DIR)
	

# Not a target:
src/setup_controller.c:
#  Implicit rule search has not been done.
#  Modification time never checked.
#  File has not been updated.

# Not a target:
src/get_map.c:
#  Implicit rule search has not been done.
#  Modification time never checked.
#  File has not been updated.

# Not a target:
src/render.c:
#  Implicit rule search has not been done.
#  Modification time never checked.
#  File has not been updated.

obj/read_fdf.o: src/main.c src/terminate.c src/read_fdf.c src/parseline.c src/width.c src/get_map.c src/convert_into_number.c src/atoi_base.c src/get_mlx.c src/render.c src/rotate.c src/bresenham.c src/iso.c src/place.c src/setup_controller.c
#  Implicit rule search has not been done.
#  Modification time never checked.
#  File has not been updated.
#  commands to execute (from `Makefile', line 68):
	$(CC) $(FLAGS) -c $(INCLUDES) $^
	mv $(OBJ_LIST) $(OBJ_DIR)
	

# Not a target:
src/atoi_base.c:
#  Implicit rule search has not been done.
#  Modification time never checked.
#  File has not been updated.

obj/rotate.o: src/main.c src/terminate.c src/read_fdf.c src/parseline.c src/width.c src/get_map.c src/convert_into_number.c src/atoi_base.c src/get_mlx.c src/render.c src/rotate.c src/bresenham.c src/iso.c src/place.c src/setup_controller.c
#  Implicit rule search has not been done.
#  Modification time never checked.
#  File has not been updated.
#  commands to execute (from `Makefile', line 68):
	$(CC) $(FLAGS) -c $(INCLUDES) $^
	mv $(OBJ_LIST) $(OBJ_DIR)
	

minilibx_macos/libmlx.a:
#  Implicit rule search has not been done.
#  Modification time never checked.
#  File has not been updated.
#  commands to execute (from `Makefile', line 65):
	make -sC $(MIX_DIR)
	

obj/iso.o: src/main.c src/terminate.c src/read_fdf.c src/parseline.c src/width.c src/get_map.c src/convert_into_number.c src/atoi_base.c src/get_mlx.c src/render.c src/rotate.c src/bresenham.c src/iso.c src/place.c src/setup_controller.c
#  Implicit rule search has not been done.
#  Modification time never checked.
#  File has not been updated.
#  commands to execute (from `Makefile', line 68):
	$(CC) $(FLAGS) -c $(INCLUDES) $^
	mv $(OBJ_LIST) $(OBJ_DIR)
	

# Not a target:
src/place.c:
#  Implicit rule search has not been done.
#  Modification time never checked.
#  File has not been updated.

fdf: libft/libft.a minilibx_macos/libmlx.a obj/main.o obj/terminate.o obj/read_fdf.o obj/parseline.o obj/width.o obj/get_map.o obj/convert_into_number.o obj/atoi_base.o obj/get_mlx.o obj/render.o obj/rotate.o obj/bresenham.o obj/iso.o obj/place.o obj/setup_controller.o
#  Implicit rule search has not been done.
#  File does not exist.
#  File has been updated.
#  Needs to be updated (-q is set).
# variable set hash-table stats:
# Load=0/32=0%, Rehash=0, Collisions=0/3=0%
#  commands to execute (from `Makefile', line 59):
	$(CC) $(FLAGS) $(LIBRARIES) $(INCLUDES) $(OBJS) -o $(NAME)
	

# files hash-table stats:
# Load=41/1024=4%, Rehash=0, Collisions=0/303=0%
# VPATH Search Paths
 

# No `vpath' search paths.

# No general (`VPATH' variable) search path.

# # of strings in strcache: 1
# # of strcache buffers: 1
# strcache size: total = 4096 / max = 4096 / min = 4096 / avg = 4096
# strcache free: total = 4087 / max = 4087 / min = 4087 / avg = 4087

# Finished Make data base on Fri Aug  5 15:04:45 2022

 
